C51 COMPILER V9.52.0.0   CONFIG_SPI                                                        04/25/2018 12:07:32 PAGE 1   


C51 COMPILER V9.52.0.0, COMPILATION OF MODULE CONFIG_SPI
OBJECT MODULE PLACED IN Config_SPI.OBJ
COMPILER INVOKED BY: C:\Keil\C51\BIN\C51.EXE Config_SPI.c BROWSE DEBUG OBJECTEXTEND TABS(2)

line level    source

   1          #include <c8051f020.h>
   2          #include "Config_SPI.h"
   3          #include "intrins.h"
   4          #include <string.h>
   5          
   6          void Config_SPI(void){
   7   1        
   8   1        SPI0CFG=0x87; // Configuration de registre
   9   1        SPI0CN=0x01; //On active la SPI en slave
  10   1        SPI0CKR=0x36; //pour avoir fSCK = 200 kHz
  11   1        SPIF=0; //Drapeau de fin de transmission activé (pour pouvoir débuter une autre transmission)
  12   1      
  13   1      }
  14          
  15          
  16            
  17          
  18          char putcharSPI(char c) {
  19   1        SPI0DAT = c; // mise de caractere dans la memoire
  20   1        return c;
  21   1      }
  22          
  23          char getcharSPI(){
  24   1        char caractererecu;
  25   1        if (SPIF==0)  //Si le drapeau d'interruption n'est pas prêt (si réception pas terminéé)
  26   1          return 0;
  27   1        else{
  28   2          caractererecu=SPI0DAT; // recuperation du caractere recu
  29   2          SPIF=0;
  30   2          return caractererecu;
  31   2        }
  32   1      }
  33          
  34          char test(void){  
  35   1        int j=0;
  36   1        char chainerecu[200];
  37   1        
  38   1        if (SPIF==1){ 
  39   2          chainerecu[j]=getcharSPI();
  40   2          putcharSPI(chainerecu[j]);
  41   2          j++;
  42   2        }
  43   1        return 0;
  44   1      }
*** ERROR C241 IN LINE 44 OF Config_SPI.c: 'test': auto segment too large
  45          

C51 COMPILATION COMPLETE.  0 WARNING(S),  1 ERROR(S)
